[2026-04-02 01:08:29] Eddy 실행 시작
완료. 메시지 3개 처리, 설정 현황 보고 전송, state.json 업데이트 후 푸시.
[2026-04-02 01:09:06] Eddy 실행 완료
[2026-04-02 01:51:14] Eddy 실행 시작
완료. 새 메시지 없음 — 변동사항 없이 보고 전송했습니다.
[2026-04-02 01:51:34] Eddy 실행 완료
[2026-04-02 02:00:01] Eddy 실행 시작
Not logged in · Please run /login
[2026-04-02 02:00:02] Eddy 실행 완료
[2026-04-02 03:00:01] Eddy 실행 시작
Not logged in · Please run /login
[2026-04-02 03:00:02] Eddy 실행 완료
[2026-04-02 04:00:01] Eddy 실행 시작
Not logged in · Please run /login
[2026-04-02 04:00:02] Eddy 실행 완료
[2026-04-02 05:00:01] Eddy 실행 시작
Not logged in · Please run /login
[2026-04-02 05:00:02] Eddy 실행 완료
[2026-04-02 06:00:01] Eddy 실행 시작
Not logged in · Please run /login
[2026-04-02 06:00:02] Eddy 실행 완료
[2026-04-02 07:00:01] Eddy 실행 시작
