[2026-04-05 21:57:54] 주간보고 생성 시작
주간 보고 완료. 결과 요약:

---

**[Eddy 주간 보고 완료 — 2026-04-05]**

**PDF 전송: 7팀 전부** (activity 있는 팀 전체)

| 팀 | 커밋 | 주요 내용 |
|---|---|---|
| ELDO | 220건 | BETA-32 Lighthouse 최적화 완료, QA 17차 진행 중 |
| ReviewBot | 146건 | Phase 25 운영 전환, 쿠팡 링크 자동 생성 완료 |
| DevGate | 129건 | Phase 19 완료, E2E 49/49 전체 통과 |
| XBot | 4건 | 초기 구현 완료, 봇 감지 차단으로 보류 |
| IRI-Safety | 17건 | Phase 1 완료 후 개발 중단 (Sanghun 지시) |
| LiveOrder | 85건 | Task 33 청약철회까지 완료 후 종료 |
| Eddy PM | 286건 | 전체 팀 조율, PM 40차 순회 |

⏸ 스킵 팀: 없음 (전 팀 activity)
[2026-04-05 22:09:34] 주간보고 완료
[2026-04-05 23:59:00] 주간보고 생성 시작
**주간 보고서 전송 완료** (2026-04-05)

---

**처리 결과:**
- 7개 팀 모두 지난 7일간 커밋 있음 → 전팀 PDF 생성 + 전송
- HTML → PDF 변환 (Playwright, A4 형식)
- 텔레그램 개별 전송 7건 + 요약 메시지 1건

**팀별 커밋 현황:**

| 팀 | 커밋 | 주요 내용 |
|----|------|---------|
| ELDO | 222건 | BETA-32 Lighthouse 최적화 완료, QA 17차 진행 중 |
| ReviewBot | 147건 | 2포스팅/일 안정화, 쿠팡 파트너스 링크 자동 생성 |
| DevGate | 133건 | E2E 53/53 통과, 신규 개발 종료 |
| IRI-Safety | 19건 | Phase 1+2 완료, E2E 61 PASS |
| XBot | 4건 | ⏸ 봇 감지 차단으로 보류 |
| LiveOrder | 85건 | ⛔ Task 33 완료 후 개발 종료 |
| Eddy PM | 297건 | 40차 순회 완료 |
[2026-04-06 00:15:03] 주간보고 완료
